start[1545952615382] time[477269] tag[Input 1 1]
start[1545953211193] time[515381] tag[Input 1 2]
start[1545953854912] time[547293] tag[Input 1 3]
start[1545954539139] time[575319] tag[Input 1 4]
start[1545955258553] time[602910] tag[Input 1 5]
start[1545956011272] time[640536] tag[Input 1 6]
start[1545968252252] time[650826] tag[Input 1 7]
start[1545968903087] time[685180] tag[Input 1 8]
start[1545969588257] time[800910] tag[Input 1 9]
start[1545970389165] time[889827] tag[Input 1 10]
start[1545971278994] time[960570] tag[Input 1 11]

start[1546029127385] time[227132] tag[Output 1 1]
start[1546029354535] time[259198] tag[Output 1 2]
start[1546029613739] time[284538] tag[Output 1 3]
start[1546029898302] time[314473] tag[Output 1 4]
start[1546030212802] time[329652] tag[Output 1 5]
start[1546030542493] time[341859] tag[Output 1 6]
start[1546030884397] time[371021] tag[Output 1 7]
start[1546031255474] time[392175] tag[Output 1 8]
start[1546031647739] time[447550] tag[Output 1 9]
start[1546032095366] time[489849] tag[Output 1 10]
start[1546032585317] time[545198] tag[Output 1 11]
start[1546033130618] time[587126] tag[Output 1 12]
start[1546033717877] time[639238] tag[Output 1 13]
start[1546034357240] time[685839] tag[Output 1 14]
start[1546035043202] time[734819] tag[Output 1 15]
start[1546035778183] time[783798] tag[Output 1 16]
start[1546036562131] time[834092] tag[Output 1 17]
start[1546037396387] time[886090] tag[Output 1 18]
start[1546038282657] time[938245] tag[Output 1 19]
start[1546039221085] time[958139] tag[Output 1 20]
start[1546040179405] time[995724] tag[Output 1 21]
start[1546041175323] time[1045074] tag[Output 1 22]
start[1546042220637] time[1096123] tag[Output 1 23]
start[1546043316971] time[1140628] tag[Output 1 24]
start[1546044457845] time[1189668] tag[Output 1 25]
start[1546045647773] time[1233902] tag[Output 1 26]
start[1546046881945] time[1284443] tag[Output 1 27]
start[1546048166647] time[1330179] tag[Output 1 28]
start[1546049497103] time[1384537] tag[Output 1 29]

---------------------------------------------------------------------------------------

start[1545953092663] time[118529] tag[Input 2 1]
start[1545953726576] time[128338] tag[Input 2 2]
start[1545954402204] time[136942] tag[Input 2 3]
start[1545955114467] time[144082] tag[Input 2 4]
start[1545955861461] time[149814] tag[Input 2 5]
start[1545956651802] time[161148] tag[Input 2 6]
start[1545959334685] time[160457] tag[Input 2 7]
start[1545959495147] time[168682] tag[Input 2 8]
start[1545959663821] time[197813] tag[Input 2 9]
start[1545959861638] time[218149] tag[Input 2 10]
start[1545960079789] time[235637] tag[Input 2 11]
start[1545960315431] time[251056] tag[Input 2 12]
start[1545960566477] time[276086] tag[Input 2 13]
start[1545960842571] time[300564] tag[Input 2 14]
start[1545961143140] time[327485] tag[Input 2 15]
start[1545961470617] time[345223] tag[Input 2 16]
start[1545961815844] time[367264] tag[Input 2 17]
start[1545962183104] time[387384] tag[Input 2 18]
start[1545962570493] time[408380] tag[Input 2 19]
start[1545962978868] time[430119] tag[Input 2 20]
start[1545963408997] time[452432] tag[Input 2 21]
start[1545963861432] time[474519] tag[Input 2 22]
start[1545964335940] time[494080] tag[Input 2 23]
start[1545964830030] time[515605] tag[Input 2 24]
start[1545965345639] time[538439] tag[Input 2 25]
start[1545965884066] time[561222] tag[Input 2 26]
start[1545966445298] time[581069] tag[Input 2 27]
start[1545967026364] time[602729] tag[Input 2 28]
start[1545967629100] time[623160] tag[Input 2 29]


start[1546023269756] time[62983] tag[Output 2 1]
start[1546023332750] time[65526] tag[Output 2 2]
start[1546023398298] time[72858] tag[Output 2 3]
start[1546023471174] time[79860] tag[Output 2 4]
start[1546023551078] time[86072] tag[Output 2 5]
start[1546023637188] time[91124] tag[Output 2 6]
start[1546023728375] time[97841] tag[Output 2 7]
start[1546023826282] time[102781] tag[Output 2 8]
start[1546023929141] time[117113] tag[Output 2 9]
start[1546024046328] time[132782] tag[Output 2 10]
start[1546024179221] time[143643] tag[Output 2 11]
start[1546024322969] time[154655] tag[Output 2 12]
start[1546024477736] time[167964] tag[Output 2 13]
start[1546024645832] time[182581] tag[Output 2 14]
start[1546024828578] time[192815] tag[Output 2 15]
start[1546025021551] time[204849] tag[Output 2 16]
start[1546025226563] time[218583] tag[Output 2 17]
start[1546025445315] time[231550] tag[Output 2 18]
start[1546025677051] time[243972] tag[Output 2 19]
start[1546025921235] time[257018] tag[Output 2 20]
start[1546026178455] time[269547] tag[Output 2 21]
start[1546026448189] time[286766] tag[Output 2 22]
start[1546026735163] time[302072] tag[Output 2 23]
start[1546027037476] time[315360] tag[Output 2 24]
start[1546027353058] time[328271] tag[Output 2 25]
start[1546027681580] time[342222] tag[Output 2 26]
start[1546028024050] time[353730] tag[Output 2 27]
start[1546028378052] time[367384] tag[Output 2 28]
start[1546028745712] time[381382] tag[Output 2 29]

-----------------------------------------------------------------------------------------

start[1546055133560] time[13531] tag[Input 4 B_2000 30]
start[1546055147082] time[2412] tag[Input 4 B_20000 30]
start[1546055149498] time[1149] tag[Input 4 B_200000 30]
start[1546055150654] time[961] tag[Input 4 B_2000000 30]
start[1546055151607] time[935] tag[Input 4 B_20000000 30]
start[1546055443582] time[866] tag[Input 4 B_21000000 30]
start[1546055444441] time[862] tag[Input 4 B_22000000 30]
start[1546055445300] time[670] tag[Input 4 B_23000000 30]
start[1546055445972] time[645] tag[Input 4 B_24000000 30]
start[1546055446628] time[682] tag[Input 4 B_25000000 30]

start[1546055718818] time[4019] tag[Output 4 B_2000 30]
start[1546055722841] time[1384] tag[Output 4 B_20000 30]
start[1546055724234] time[1236] tag[Output 4 B_200000 30]
start[1546055725484] time[1024] tag[Output 4 B_2000000 30]
start[1546055726500] time[1003] tag[Output 4 B_20000000 30]
start[1546055761680] time[946] tag[Output 4 B_21000000 30]
start[1546055762634] time[719] tag[Output 4 B_22000000 30]
start[1546055763368] time[711] tag[Output 4 B_23000000 30]
start[1546055764087] time[665] tag[Output 4 B_24000000 30]
start[1546055764743] time[924] tag[Output 4 B_25000000 30]

-------------------------------------------------------------------------------------------


start[1546056617068] time[146] tag[Output 4 1]
start[1546056617207] time[172] tag[Output 4 2]
start[1546056617379] time[171] tag[Output 4 3]
start[1546056617549] time[194] tag[Output 4 4]
start[1546056617744] time[173] tag[Output 4 5]
start[1546056617929] time[182] tag[Output 4 6]
start[1546056618101] time[190] tag[Output 4 7]
start[1546056618304] time[191] tag[Output 4 8]
start[1546056618492] time[271] tag[Output 4 9]
start[1546056618761] time[307] tag[Output 4 10]
start[1546056619076] time[251] tag[Output 4 11]
start[1546056619324] time[280] tag[Output 4 12]
start[1546056619602] time[297] tag[Output 4 13]
start[1546056619912] time[327] tag[Output 4 14]
start[1546056620239] time[369] tag[Output 4 15]
start[1546056620605] time[366] tag[Output 4 16]
start[1546056620982] time[483] tag[Output 4 17]
start[1546056621470] time[441] tag[Output 4 18]
start[1546056621906] time[514] tag[Output 4 19]
start[1546056622419] time[466] tag[Output 4 20]
start[1546056622895] time[503] tag[Output 4 21]
start[1546056623395] time[532] tag[Output 4 22]
start[1546056623934] time[526] tag[Output 4 23]
start[1546056624457] time[611] tag[Output 4 24]
start[1546056625076] time[678] tag[Output 4 25]
start[1546056625763] time[696] tag[Output 4 26]
start[1546056626468] time[721] tag[Output 4 27]
start[1546056627178] time[731] tag[Output 4 28]
start[1546056627913] time[723] tag[Output 4 29]

start[1546056628642] time[130] tag[Input 4 1]
start[1546056628774] time[110] tag[Input 4 2]
start[1546056628883] time[106] tag[Input 4 3]
start[1546056628990] time[123] tag[Input 4 4]
start[1546056629115] time[156] tag[Input 4 5]
start[1546056629282] time[154] tag[Input 4 6]
start[1546056629435] time[170] tag[Input 4 7]
start[1546056629607] time[191] tag[Input 4 8]
start[1546056629794] time[200] tag[Input 4 9]
start[1546056629997] time[224] tag[Input 4 10]
start[1546056630214] time[262] tag[Input 4 11]
start[1546056630479] time[321] tag[Input 4 12]
start[1546056630797] time[284] tag[Input 4 13]
start[1546056631090] time[324] tag[Input 4 14]
start[1546056631403] time[390] tag[Input 4 15]
start[1546056631798] time[373] tag[Input 4 16]
start[1546056632181] time[412] tag[Input 4 17]
start[1546056632585] time[426] tag[Input 4 18]
start[1546056633015] time[430] tag[Input 4 19]
start[1546056633435] time[684] tag[Input 4 20]
start[1546056634127] time[646] tag[Input 4 21]
start[1546056634781] time[645] tag[Input 4 22]
start[1546056635415] time[727] tag[Input 4 23]
start[1546056636153] time[715] tag[Input 4 24]
start[1546056636869] time[722] tag[Input 4 25]
start[1546056637583] time[772] tag[Input 4 26]
start[1546056638364] time[645] tag[Input 4 27]
start[1546056639000] time[635] tag[Input 4 28]
start[1546056639646] time[625] tag[Input 4 29]


----------------------------------------------------------------------

start[1546361094746] time[163495] tag[Output 3 B_2000 10]
start[1546361258286] time[170356] tag[Output 3 B_20000 10]
start[1546361428688] time[168376] tag[Output 3 B_200000 10]
start[1546361597103] time[169426] tag[Output 3 B_2000000 10]
start[1546361766569] time[166606] tag[Output 3 B_20000000 10]
start[1546362256734] time[802215] tag[Input 3 B_2000 10]
